C:\Program Files\Microsoft Visual Studio\2022\Community\MSBuild\Microsoft\VC\v170\Microsoft.CppBuild.targets(514,5): warning MSB8028: O diretório intermediário (x64\Release\) contém arquivos compartilhados de outro projeto (PongProject.vcxproj, SFML_Template.vcxproj). Isso pode levar a um comportamento incorreto de limpeza e recompilação.
  Game.cpp
C:\Users\Gabriel\Desktop\C++\PongC++\PongGame\PongGame\Game.cpp(41,82): warning C4244: 'argumento': conversão de 'unsigned int' para 'float', possível perda de dados
C:\Users\Gabriel\Desktop\C++\PongC++\PongGame\PongGame\Game.cpp(53,54): warning C4244: 'argumento': conversão de 'unsigned int' para 'float', possível perda de dados
C:\Users\Gabriel\Desktop\C++\PongC++\PongGame\PongGame\Game.cpp(58,50): warning C4244: 'argumento': conversão de 'unsigned int' para 'T', possível perda de dados
          with
          [
              T=float
          ]
C:\Users\Gabriel\Desktop\C++\PongC++\PongGame\PongGame\Game.cpp(62,50): warning C4244: 'argumento': conversão de 'unsigned int' para 'T', possível perda de dados
          with
          [
              T=float
          ]
C:\Users\Gabriel\Desktop\C++\PongC++\PongGame\PongGame\Game.cpp(64,65): warning C4244: 'argumento': conversão de 'unsigned int' para 'T', possível perda de dados
          with
          [
              T=float
          ]
C:\Users\Gabriel\Desktop\C++\PongC++\PongGame\PongGame\Game.cpp(66,55): warning C4244: 'argumento': conversão de 'unsigned int' para 'T', possível perda de dados
          with
          [
              T=float
          ]
C:\Users\Gabriel\Desktop\C++\PongC++\PongGame\PongGame\Game.cpp(70,56): warning C4244: 'argumento': conversão de 'unsigned int' para 'T', possível perda de dados
          with
          [
              T=float
          ]
C:\Users\Gabriel\Desktop\C++\PongC++\PongGame\PongGame\Game.cpp(72,62): warning C4244: 'argumento': conversão de 'unsigned int' para 'T', possível perda de dados
          with
          [
              T=float
          ]
C:\Users\Gabriel\Desktop\C++\PongC++\PongGame\PongGame\Game.cpp(150,44): warning C4244: 'argumento': conversão de 'int' para 'float', possível perda de dados
C:\Users\Gabriel\Desktop\C++\PongC++\PongGame\PongGame\Game.cpp(155,46): warning C4244: 'argumento': conversão de 'int' para 'float', possível perda de dados
C:\Users\Gabriel\Desktop\C++\PongC++\PongGame\PongGame\Game.cpp(201,79): warning C4244: 'argumento': conversão de 'unsigned int' para 'float', possível perda de dados
C:\Users\Gabriel\Desktop\C++\PongC++\PongGame\PongGame\Game.cpp(201,51): warning C4244: 'argumento': conversão de 'unsigned int' para 'float', possível perda de dados
  main.cpp
  Gerando código
  Previous IPDB not found, fall back to full compilation.
  All 135 functions were compiled because no usable IPDB/IOBJ from previous compilation was found.
  Finalizada a geração de código
  PongGame.vcxproj -> C:\Users\Gabriel\Desktop\C++\PongC++\PongGame\x64\Release\PongGame.exe
